<?xml version="1.0" encoding="UTF-8"?>
<!-- Generated by org.testng.reporters.JUnitXMLReporter -->
<testsuite ignored="3" hostname="RK" failures="0" tests="2" name="Test" time="33.423" errors="0" timestamp="2025-05-13T20:21:46 IST">
  <testcase classname="testClasses.OrangeHRM_LoginTest" name="loginTest" time="5.3"/>
  <testcase classname="testClasses.OrangeHRM_AddEmployeeTest" name="addEmployeeTest" time="17.747"/>
  <testcase classname="utilities.BaseClass" name="@AfterSuite tearDown" time="0.0">
    <ignored/>
  </testcase> <!-- @AfterSuite tearDown -->
  <testcase classname="utilities.BaseClass" name="@AfterTest teardownDriver" time="0.0">
    <ignored/>
  </testcase> <!-- @AfterTest teardownDriver -->
  <testcase classname="utilities.BaseClass" name="@BeforeSuite setupExtent" time="0.0">
    <ignored/>
  </testcase> <!-- @BeforeSuite setupExtent -->
</testsuite> <!-- Test -->
