<?xml version="1.0" encoding="UTF-8"?>
<!-- Generated by org.testng.reporters.JUnitXMLReporter -->
<testsuite ignored="6" hostname="RK" failures="0" tests="3" name="Test" time="49.044" errors="0" timestamp="2025-05-15T09:53:14 IST">
  <testcase classname="testClasses.OrangeHRM_LoginTest" name="loginTest" time="5.327"/>
  <testcase classname="testClasses.OrangeHRM_AddEmployeeTest" name="addEmployeeTest" time="18.243"/>
  <testcase classname="testClasses.OrangeHRM_LogoutTest" name="testLogout" time="11.956"/>
  <testcase classname="utilities.BaseClass" name="@BeforeSuite setupExtent" time="0.0">
    <ignored/>
  </testcase> <!-- @BeforeSuite setupExtent -->
  <testcase classname="utilities.BaseClass" name="@AfterTest teardownDriver" time="0.0">
    <ignored/>
  </testcase> <!-- @AfterTest teardownDriver -->
  <testcase classname="utilities.BaseClass" name="@BeforeSuite setupExtent" time="0.0">
    <ignored/>
  </testcase> <!-- @BeforeSuite setupExtent -->
  <testcase classname="utilities.BaseClass" name="@AfterTest teardownDriver" time="0.0">
    <ignored/>
  </testcase> <!-- @AfterTest teardownDriver -->
  <testcase classname="utilities.BaseClass" name="@AfterSuite tearDown" time="0.0">
    <ignored/>
  </testcase> <!-- @AfterSuite tearDown -->
  <testcase classname="utilities.BaseClass" name="@AfterSuite tearDown" time="0.0">
    <ignored/>
  </testcase> <!-- @AfterSuite tearDown -->
</testsuite> <!-- Test -->
