<?xml version="1.0" encoding="UTF-8"?>
<testsuite xmlns:xsi="http://www.w3.org/2001/XMLSchema-instance" xsi:noNamespaceSchemaLocation="https://maven.apache.org/surefire/maven-surefire-plugin/xsd/surefire-test-report-3.0.xsd" version="3.0" name="TestSuite" time="50.241" tests="3" errors="0" skipped="0" failures="0">
  <properties>
[...]
</properties>
  <testcase name="loginTest" classname="testClasses.OrangeHRM_LoginTest" time="5.328">
    <system-out><![CDATA[Test Suite Started: Test
[INFO ] 2025-05-15 09:52:29.969 [main] Orange HRM - URL opened in Chrome
Test Started: loginTest
Admin admin123
[INFO ] 2025-05-15 09:52:30.071 [main] Orange HRM - Username is entered
[INFO ] 2025-05-15 09:52:30.144 [main] Orange HRM - Password is entered
[INFO ] 2025-05-15 09:52:30.197 [main] Orange HRM - Clicked on Login Button
[INFO ] 2025-05-15 09:52:35.300 [main] Orange HRM - Test Passes: User logged in and navigated to Dashboard
]]></system-out>
    <system-err><![CDATA[SLF4J: Failed to load class "org.slf4j.impl.StaticLoggerBinder".
SLF4J: Defaulting to no-operation (NOP) logger implementation
SLF4J: See http://www.slf4j.org/codes.html#StaticLoggerBinder for further details.
May 15, 2025 9:52:26 AM org.openqa.selenium.devtools.CdpVersionFinder findNearestMatch
WARNING: Unable to find CDP implementation matching 136
May 15, 2025 9:52:26 AM org.openqa.selenium.chromium.ChromiumDriver lambda$new$5
WARNING: Unable to find version of CDP to use for 136.0.7103.93. You may need to include a dependency on a specific version of the CDP using something similar to `org.seleniumhq.selenium:selenium-devtools-v86:4.16.1` where the version ("v86") matches the version of the chromium-based browser you're using and the version number of the artifact is the same as Selenium's.
]]></system-err>
  </testcase>
  <testcase name="addEmployeeTest" classname="testClasses.OrangeHRM_AddEmployeeTest" time="18.242">
    <system-out><![CDATA[Test Passed: loginTest
[INFO ] 2025-05-15 09:52:39.915 [main] Orange HRM - URL opened in Chrome
Test Started: addEmployeeTest
Admin admin123
[INFO ] 2025-05-15 09:52:45.021 [main] Orange HRM - Username is entered
[INFO ] 2025-05-15 09:52:45.085 [main] Orange HRM - Password is entered
[INFO ] 2025-05-15 09:52:45.157 [main] Orange HRM - Clicked on Login Button
[INFO ] 2025-05-15 09:52:50.223 [main] Orange HRM - Test Passes: User logged in and navigated to Dashboard
[INFO ] 2025-05-15 09:52:50.223 [main] Orange HRM - Login method is called
[INFO ] 2025-05-15 09:52:51.183 [main] Orange HRM - PIM button is clicked
[INFO ] 2025-05-15 09:52:52.325 [main] Orange HRM - Add button is clicked
[INFO ] 2025-05-15 09:52:52.998 [main] Orange HRM - Entered First name
[INFO ] 2025-05-15 09:52:53.130 [main] Orange HRM - Entered Last Name
[INFO ] 2025-05-15 09:52:53.246 [main] Orange HRM - Clicked on Save button
[INFO ] 2025-05-15 09:52:58.158 [main] Orange HRM - Test Passes:  Added Employee and navigated to profile page
]]></system-out>
    <system-err><![CDATA[May 15, 2025 9:52:36 AM org.openqa.selenium.devtools.CdpVersionFinder findNearestMatch
WARNING: Unable to find CDP implementation matching 136
May 15, 2025 9:52:36 AM org.openqa.selenium.chromium.ChromiumDriver lambda$new$5
WARNING: Unable to find version of CDP to use for 136.0.7103.93. You may need to include a dependency on a specific version of the CDP using something similar to `org.seleniumhq.selenium:selenium-devtools-v86:4.16.1` where the version ("v86") matches the version of the chromium-based browser you're using and the version number of the artifact is the same as Selenium's.
]]></system-err>
  </testcase>
  <testcase name="testLogout" classname="testClasses.OrangeHRM_LogoutTest" time="11.955">
    <system-out><![CDATA[Test Passed: addEmployeeTest
[INFO ] 2025-05-15 09:53:01.880 [main] Orange HRM - URL opened in Chrome
Test Started: testLogout
[INFO ] 2025-05-15 09:53:06.887 [main] Orange HRM - Login method is called
Admin admin123
[INFO ] 2025-05-15 09:53:06.959 [main] Orange HRM - Username is entered
[INFO ] 2025-05-15 09:53:07.022 [main] Orange HRM - Password is entered
[INFO ] 2025-05-15 09:53:07.076 [main] Orange HRM - Clicked on Login Button
[INFO ] 2025-05-15 09:53:12.160 [main] Orange HRM - Test Passes: User logged in and navigated to Dashboard
[INFO ] 2025-05-15 09:53:12.268 [main] Orange HRM - Clicked on account dropdown
[INFO ] 2025-05-15 09:53:13.835 [main] Orange HRM - Clicked on logout option
]]></system-out>
    <system-err><![CDATA[May 15, 2025 9:52:59 AM org.openqa.selenium.devtools.CdpVersionFinder findNearestMatch
WARNING: Unable to find CDP implementation matching 136
May 15, 2025 9:52:59 AM org.openqa.selenium.chromium.ChromiumDriver lambda$new$5
WARNING: Unable to find version of CDP to use for 136.0.7103.93. You may need to include a dependency on a specific version of the CDP using something similar to `org.seleniumhq.selenium:selenium-devtools-v86:4.16.1` where the version ("v86") matches the version of the chromium-based browser you're using and the version number of the artifact is the same as Selenium's.
]]></system-err>
  </testcase>
</testsuite>