<?xml version="1.0" encoding="UTF-8"?>
<testng-results ignored="6" total="9" passed="3" failed="0" skipped="0">
  <reporter-output>
    <line>
      <![CDATA[Test has been Started]]>
    </line>
    <line>
      <![CDATA[Test case is passed]]>
    </line>
    <line>
      <![CDATA[Test has been Started]]>
    </line>
    <line>
      <![CDATA[Test case is passed]]>
    </line>
    <line>
      <![CDATA[Test has been Started]]>
    </line>
    <line>
      <![CDATA[Test case is passed]]>
    </line>
  </reporter-output>
  <suite started-at="2025-05-15T09:52:25 IST" name="Suite" finished-at="2025-05-15T09:53:14 IST" duration-ms="49044">
    <groups>
      <group name="sanity">
        <method signature="OrangeHRM_LoginTest.loginTest()[pri:0, instance:testClasses.OrangeHRM_LoginTest@62150f9e]" name="loginTest" class="testClasses.OrangeHRM_LoginTest"/>
        <method signature="OrangeHRM_AddEmployeeTest.addEmployeeTest()[pri:1, instance:testClasses.OrangeHRM_AddEmployeeTest@6e20b53a]" name="addEmployeeTest" class="testClasses.OrangeHRM_AddEmployeeTest"/>
        <method signature="OrangeHRM_LogoutTest.testLogout()[pri:2, instance:testClasses.OrangeHRM_LogoutTest@71809907]" name="testLogout" class="testClasses.OrangeHRM_LogoutTest"/>
      </group> <!-- sanity -->
    </groups>
    <test started-at="2025-05-15T09:52:25 IST" name="Test" finished-at="2025-05-15T09:53:14 IST" duration-ms="49044">
      <class name="testClasses.OrangeHRM_LogoutTest">
        <test-method is-config="true" signature="openBrowser()[pri:0, instance:testClasses.OrangeHRM_LogoutTest@71809907]" started-at="2025-05-15T09:52:58 IST" name="openBrowser" finished-at="2025-05-15T09:53:01 IST" duration-ms="3555" status="PASS">
          <reporter-output>
          </reporter-output>
        </test-method> <!-- openBrowser -->
        <test-method signature="testLogout()[pri:2, instance:testClasses.OrangeHRM_LogoutTest@71809907]" started-at="2025-05-15T09:53:01 IST" name="testLogout" finished-at="2025-05-15T09:53:13 IST" duration-ms="11956" status="PASS">
          <reporter-output>
            <line>
              <![CDATA[Test has been Started]]>
            </line>
            <line>
              <![CDATA[Test case is passed]]>
            </line>
          </reporter-output>
        </test-method> <!-- testLogout -->
      </class> <!-- testClasses.OrangeHRM_LogoutTest -->
      <class name="testClasses.OrangeHRM_LoginTest">
        <test-method is-config="true" signature="setupExtent()[pri:0, instance:testClasses.OrangeHRM_LoginTest@62150f9e]" started-at="2025-05-15T09:52:24 IST" name="setupExtent" finished-at="2025-05-15T09:52:25 IST" duration-ms="190" status="PASS">
          <reporter-output>
          </reporter-output>
        </test-method> <!-- setupExtent -->
        <test-method is-config="true" signature="openBrowser()[pri:0, instance:testClasses.OrangeHRM_LoginTest@62150f9e]" started-at="2025-05-15T09:52:25 IST" name="openBrowser" finished-at="2025-05-15T09:52:29 IST" duration-ms="4921" status="PASS">
          <reporter-output>
          </reporter-output>
        </test-method> <!-- openBrowser -->
        <test-method signature="loginTest()[pri:0, instance:testClasses.OrangeHRM_LoginTest@62150f9e]" started-at="2025-05-15T09:52:29 IST" name="loginTest" finished-at="2025-05-15T09:52:35 IST" duration-ms="5327" status="PASS">
          <reporter-output>
            <line>
              <![CDATA[Test has been Started]]>
            </line>
            <line>
              <![CDATA[Test case is passed]]>
            </line>
          </reporter-output>
        </test-method> <!-- loginTest -->
        <test-method is-config="true" signature="teardownDriver()[pri:0, instance:testClasses.OrangeHRM_LoginTest@62150f9e]" started-at="2025-05-15T09:53:13 IST" name="teardownDriver" finished-at="2025-05-15T09:53:14 IST" duration-ms="130" status="PASS">
          <reporter-output>
          </reporter-output>
        </test-method> <!-- teardownDriver -->
        <test-method is-config="true" signature="tearDown()[pri:0, instance:testClasses.OrangeHRM_LoginTest@62150f9e]" started-at="2025-05-15T09:53:14 IST" name="tearDown" finished-at="2025-05-15T09:53:14 IST" duration-ms="425" status="PASS">
          <reporter-output>
          </reporter-output>
        </test-method> <!-- tearDown -->
      </class> <!-- testClasses.OrangeHRM_LoginTest -->
      <class name="testClasses.OrangeHRM_AddEmployeeTest">
        <test-method is-config="true" signature="openBrowser()[pri:0, instance:testClasses.OrangeHRM_AddEmployeeTest@6e20b53a]" started-at="2025-05-15T09:52:35 IST" name="openBrowser" finished-at="2025-05-15T09:52:39 IST" duration-ms="4419" status="PASS">
          <reporter-output>
          </reporter-output>
        </test-method> <!-- openBrowser -->
        <test-method signature="addEmployeeTest()[pri:1, instance:testClasses.OrangeHRM_AddEmployeeTest@6e20b53a]" started-at="2025-05-15T09:52:39 IST" name="addEmployeeTest" finished-at="2025-05-15T09:52:58 IST" duration-ms="18243" status="PASS">
          <reporter-output>
            <line>
              <![CDATA[Test has been Started]]>
            </line>
            <line>
              <![CDATA[Test case is passed]]>
            </line>
          </reporter-output>
        </test-method> <!-- addEmployeeTest -->
      </class> <!-- testClasses.OrangeHRM_AddEmployeeTest -->
    </test> <!-- Test -->
  </suite> <!-- Suite -->
</testng-results>
