<?xml version="1.0" encoding="UTF-8"?>
<testng-results ignored="0" total="1" passed="1" failed="0" skipped="0">
  <reporter-output>
  </reporter-output>
  <suite started-at="2025-05-14T16:37:01 IST" name="Default suite" finished-at="2025-05-14T16:37:22 IST" duration-ms="20845">
    <groups>
      <group name="sanity">
        <method signature="OrangeHRM_LogoutTest.testLogout()[pri:2, instance:testClasses.OrangeHRM_LogoutTest@368f2016]" name="testLogout" class="testClasses.OrangeHRM_LogoutTest"/>
      </group> <!-- sanity -->
    </groups>
    <test started-at="2025-05-14T16:37:01 IST" name="Default test" finished-at="2025-05-14T16:37:22 IST" duration-ms="20845">
      <class name="testClasses.OrangeHRM_LogoutTest">
        <test-method is-config="true" signature="setupExtent()[pri:0, instance:testClasses.OrangeHRM_LogoutTest@368f2016]" started-at="2025-05-14T16:37:00 IST" name="setupExtent" finished-at="2025-05-14T16:37:01 IST" duration-ms="380" status="PASS">
          <reporter-output>
          </reporter-output>
        </test-method> <!-- setupExtent -->
        <test-method is-config="true" signature="openBrowser()[pri:0, instance:testClasses.OrangeHRM_LogoutTest@368f2016]" started-at="2025-05-14T16:37:01 IST" name="openBrowser" finished-at="2025-05-14T16:37:08 IST" duration-ms="7465" status="PASS">
          <reporter-output>
          </reporter-output>
        </test-method> <!-- openBrowser -->
        <test-method signature="testLogout()[pri:2, instance:testClasses.OrangeHRM_LogoutTest@368f2016]" started-at="2025-05-14T16:37:08 IST" name="testLogout" finished-at="2025-05-14T16:37:21 IST" duration-ms="12895" status="PASS">
          <reporter-output>
          </reporter-output>
        </test-method> <!-- testLogout -->
        <test-method is-config="true" signature="teardownDriver()[pri:0, instance:testClasses.OrangeHRM_LogoutTest@368f2016]" started-at="2025-05-14T16:37:21 IST" name="teardownDriver" finished-at="2025-05-14T16:37:22 IST" duration-ms="418" status="PASS">
          <reporter-output>
          </reporter-output>
        </test-method> <!-- teardownDriver -->
        <test-method is-config="true" signature="tearDown()[pri:0, instance:testClasses.OrangeHRM_LogoutTest@368f2016]" started-at="2025-05-14T16:37:22 IST" name="tearDown" finished-at="2025-05-14T16:37:22 IST" duration-ms="814" status="PASS">
          <reporter-output>
          </reporter-output>
        </test-method> <!-- tearDown -->
      </class> <!-- testClasses.OrangeHRM_LogoutTest -->
    </test> <!-- Default test -->
  </suite> <!-- Default suite -->
</testng-results>
