<?xml version="1.0" encoding="UTF-8"?>
<testng-results ignored="3" total="5" passed="2" failed="0" skipped="0">
  <reporter-output>
  </reporter-output>
  <suite started-at="2025-05-13T20:21:13 IST" name="Suite" finished-at="2025-05-13T20:21:46 IST" duration-ms="33423">
    <groups>
      <group name="sanity">
        <method signature="OrangeHRM_LoginTest.loginTest()[pri:0, instance:testClasses.OrangeHRM_LoginTest@4c583ecf]" name="loginTest" class="testClasses.OrangeHRM_LoginTest"/>
        <method signature="OrangeHRM_AddEmployeeTest.addEmployeeTest()[pri:1, instance:testClasses.OrangeHRM_AddEmployeeTest@5656be13]" name="addEmployeeTest" class="testClasses.OrangeHRM_AddEmployeeTest"/>
      </group> <!-- sanity -->
    </groups>
    <test started-at="2025-05-13T20:21:13 IST" name="Test" finished-at="2025-05-13T20:21:46 IST" duration-ms="33423">
      <class name="testClasses.OrangeHRM_LoginTest">
        <test-method is-config="true" signature="setupExtent()[pri:0, instance:testClasses.OrangeHRM_LoginTest@4c583ecf]" started-at="2025-05-13T20:21:12 IST" name="setupExtent" finished-at="2025-05-13T20:21:13 IST" duration-ms="205" status="PASS">
          <reporter-output>
          </reporter-output>
        </test-method> <!-- setupExtent -->
        <test-method is-config="true" signature="openBrowser()[pri:0, instance:testClasses.OrangeHRM_LoginTest@4c583ecf]" started-at="2025-05-13T20:21:13 IST" name="openBrowser" finished-at="2025-05-13T20:21:17 IST" duration-ms="4778" status="PASS">
          <reporter-output>
          </reporter-output>
        </test-method> <!-- openBrowser -->
        <test-method signature="loginTest()[pri:0, instance:testClasses.OrangeHRM_LoginTest@4c583ecf]" started-at="2025-05-13T20:21:17 IST" name="loginTest" finished-at="2025-05-13T20:21:23 IST" duration-ms="5300" status="PASS">
          <reporter-output>
          </reporter-output>
        </test-method> <!-- loginTest -->
        <test-method is-config="true" signature="teardownDriver()[pri:0, instance:testClasses.OrangeHRM_LoginTest@4c583ecf]" started-at="2025-05-13T20:21:46 IST" name="teardownDriver" finished-at="2025-05-13T20:21:46 IST" duration-ms="148" status="PASS">
          <reporter-output>
          </reporter-output>
        </test-method> <!-- teardownDriver -->
        <test-method is-config="true" signature="tearDown()[pri:0, instance:testClasses.OrangeHRM_LoginTest@4c583ecf]" started-at="2025-05-13T20:21:46 IST" name="tearDown" finished-at="2025-05-13T20:21:47 IST" duration-ms="517" status="PASS">
          <reporter-output>
          </reporter-output>
        </test-method> <!-- tearDown -->
      </class> <!-- testClasses.OrangeHRM_LoginTest -->
      <class name="testClasses.OrangeHRM_AddEmployeeTest">
        <test-method is-config="true" signature="openBrowser()[pri:0, instance:testClasses.OrangeHRM_AddEmployeeTest@5656be13]" started-at="2025-05-13T20:21:23 IST" name="openBrowser" finished-at="2025-05-13T20:21:28 IST" duration-ms="5392" status="PASS">
          <reporter-output>
          </reporter-output>
        </test-method> <!-- openBrowser -->
        <test-method signature="addEmployeeTest()[pri:1, instance:testClasses.OrangeHRM_AddEmployeeTest@5656be13]" started-at="2025-05-13T20:21:28 IST" name="addEmployeeTest" finished-at="2025-05-13T20:21:46 IST" duration-ms="17747" status="PASS">
          <reporter-output>
          </reporter-output>
        </test-method> <!-- addEmployeeTest -->
      </class> <!-- testClasses.OrangeHRM_AddEmployeeTest -->
    </test> <!-- Test -->
  </suite> <!-- Suite -->
</testng-results>
